00:28:11 INFO  : Registering command handlers for SDK TCF services
00:28:13 INFO  : Launching XSCT server: xsct -n -interactive /home/killian/Bureau/Atise/Sources/design-16b_2CLK_3SENSORS/design_mars/Vdo/MarsZX3_EB1.sdk/temp_xsdb_launch_script.tcl
00:28:18 INFO  : XSCT server has started successfully.
00:28:18 INFO  : Successfully done setting XSCT server connection channel  
00:28:35 INFO  : Successfully done setting SDK workspace  
00:28:35 INFO  : Processing command line option -hwspec /home/killian/Bureau/Atise/Sources/design-16b_2CLK_3SENSORS/design_mars/Vdo/MarsZX3_EB1.sdk/system_top.hdf.
00:34:57 INFO  : Example project freertos10_xilinx_bsp_base_xuartps_hello_world_example_1 has been created successfully.
00:38:28 INFO  : Connected to target on host '127.0.0.1' and port '3121'.
00:38:29 INFO  : 'targets -set -filter {jtag_cable_name =~ "Digilent JTAG-SMT1 210203862029A" && level==0} -index 1' command is executed.
00:38:31 INFO  : FPGA configured successfully with bitstream "/home/killian/Bureau/Atise/Sources/design-16b_2CLK_3SENSORS/design_mars/Vdo/MarsZX3_EB1.sdk/system_top_hw_platform_0/system_top.bit"
00:38:54 INFO  : 'targets -set -filter {jtag_cable_name =~ "Digilent JTAG-SMT1 210203862029A" && level==0} -index 1' command is executed.
00:38:54 INFO  : 'fpga -state' command is executed.
00:38:54 INFO  : Connected to target on host '127.0.0.1' and port '3121'.
00:38:54 INFO  : Jtag cable 'Digilent JTAG-SMT1 210203862029A' is selected.
00:38:54 INFO  : 'jtag frequency' command is executed.
00:38:54 INFO  : Sourcing of '/home/killian/Bureau/Atise/Sources/design-16b_2CLK_3SENSORS/design_mars/Vdo/MarsZX3_EB1.sdk/system_top_hw_platform_0/ps7_init.tcl' is done.
00:38:54 INFO  : Context for 'APU' is selected.
00:38:54 INFO  : Hardware design information is loaded from '/home/killian/Bureau/Atise/Sources/design-16b_2CLK_3SENSORS/design_mars/Vdo/MarsZX3_EB1.sdk/system_top_hw_platform_0/system.hdf'.
00:38:54 INFO  : 'configparams force-mem-access 1' command is executed.
00:38:54 INFO  : Context for 'APU' is selected.
00:38:55 INFO  : 'stop' command is executed.
00:38:55 INFO  : 'ps7_init' command is executed.
00:38:55 INFO  : 'ps7_post_config' command is executed.
00:38:55 INFO  : Context for processor 'ps7_cortexa9_0' is selected.
00:38:55 INFO  : Processor reset is completed for 'ps7_cortexa9_0'.
00:38:55 INFO  : Context for processor 'ps7_cortexa9_0' is selected.
00:38:55 INFO  : The application '/home/killian/Bureau/Atise/Sources/design-16b_2CLK_3SENSORS/design_mars/Vdo/MarsZX3_EB1.sdk/UARTImage/Debug/UARTImage.elf' is downloaded to processor 'ps7_cortexa9_0'.
00:38:55 INFO  : 'configparams force-mem-access 0' command is executed.
00:38:55 INFO  : ----------------XSDB Script----------------
connect -url tcp:127.0.0.1:3121
source /home/killian/Bureau/Atise/Sources/design-16b_2CLK_3SENSORS/design_mars/Vdo/MarsZX3_EB1.sdk/system_top_hw_platform_0/ps7_init.tcl
targets -set -nocase -filter {name =~"APU*" && jtag_cable_name =~ "Digilent JTAG-SMT1 210203862029A"} -index 0
loadhw -hw /home/killian/Bureau/Atise/Sources/design-16b_2CLK_3SENSORS/design_mars/Vdo/MarsZX3_EB1.sdk/system_top_hw_platform_0/system.hdf -mem-ranges [list {0x40000000 0xbfffffff}]
configparams force-mem-access 1
targets -set -nocase -filter {name =~"APU*" && jtag_cable_name =~ "Digilent JTAG-SMT1 210203862029A"} -index 0
stop
ps7_init
ps7_post_config
targets -set -nocase -filter {name =~ "ARM*#0" && jtag_cable_name =~ "Digilent JTAG-SMT1 210203862029A"} -index 0
rst -processor
targets -set -nocase -filter {name =~ "ARM*#0" && jtag_cable_name =~ "Digilent JTAG-SMT1 210203862029A"} -index 0
dow /home/killian/Bureau/Atise/Sources/design-16b_2CLK_3SENSORS/design_mars/Vdo/MarsZX3_EB1.sdk/UARTImage/Debug/UARTImage.elf
configparams force-mem-access 0
----------------End of Script----------------

00:38:55 INFO  : Memory regions updated for context APU
00:38:55 INFO  : Context for processor 'ps7_cortexa9_0' is selected.
00:38:55 INFO  : 'con' command is executed.
00:38:55 INFO  : ----------------XSDB Script (After Launch)----------------
targets -set -nocase -filter {name =~ "ARM*#0" && jtag_cable_name =~ "Digilent JTAG-SMT1 210203862029A"} -index 0
con
----------------End of Script----------------

00:38:55 INFO  : Launch script is exported to file '/home/killian/Bureau/Atise/Sources/design-16b_2CLK_3SENSORS/design_mars/Vdo/MarsZX3_EB1.sdk/.sdk/launch_scripts/xilinx_c-c++_application_(system_debugger)/system_debugger_using_debug_uartimage.elf_on_local.tcl'
