
*** Running vivado
    with args -log MarsZX3_HDPYX_Emulator_STRIP_0_0.vds -m64 -product Vivado -mode batch -messageDb vivado.pb -notrace -source MarsZX3_HDPYX_Emulator_STRIP_0_0.tcl


****** Vivado v2019.1 (64-bit)
  **** SW Build 2552052 on Fri May 24 14:49:42 MDT 2019
  **** IP Build 2548770 on Fri May 24 18:01:18 MDT 2019
    ** Copyright 1986-2019 Xilinx, Inc. All Rights Reserved.

source MarsZX3_HDPYX_Emulator_STRIP_0_0.tcl -notrace
CRITICAL WARNING: [Common 17-1355] You are suppressing all messages of type 'WARNING'. You may potentially disregard important DRC, CDC, and implementation messages that can negatively impact your design.  If this is not desired, please run 'reset_msg_config -suppress -severity {WARNING}' to undo this change.
INFO: [IP_Flow 19-234] Refreshing IP repositories
INFO: [IP_Flow 19-2313] Loaded Vivado IP repository 'C:/Xilinx/Vivado/2019.1/data/ip'.
Command: synth_design -top MarsZX3_HDPYX_Emulator_STRIP_0_0 -part xc7z020clg484-1 -mode out_of_context
Starting synth_design
Attempting to get a license for feature 'Synthesis' and/or device 'xc7z020'
INFO: [Common 17-349] Got license for feature 'Synthesis' and/or device 'xc7z020'
INFO: [Device 21-403] Loading part xc7z020clg484-1
INFO: Launching helper process for spawning children vivado processes
INFO: Helper process launched with PID 28408 
---------------------------------------------------------------------------------
Starting RTL Elaboration : Time (s): cpu = 00:00:06 ; elapsed = 00:00:06 . Memory (MB): peak = 830.867 ; gain = 177.633
---------------------------------------------------------------------------------
INFO: [Synth 8-638] synthesizing module 'MarsZX3_HDPYX_Emulator_STRIP_0_0' [c:/FMa/ATISE/Development/Clean_ENV/design-16b_2CLK_3SENSORS_modif/design_mars/Vdo/MarsZX3_EB1.srcs/sources_1/bd/MarsZX3/ip/MarsZX3_HDPYX_Emulator_STRIP_0_0/synth/MarsZX3_HDPYX_Emulator_STRIP_0_0.vhd:70]
	Parameter HDPYX_BANK_SIZE bound to: 7 - type: integer 
	Parameter DCMI_SIZE bound to: 14 - type: integer 
INFO: [Synth 8-3491] module 'HDPYX_Emulator_STRIPED' declared at 'C:/FMa/ATISE/Development/Clean_ENV/RTL/HDPYX_Emulator_STRIPED.vhd:26' bound to instance 'U0' of component 'HDPYX_Emulator_STRIPED' [c:/FMa/ATISE/Development/Clean_ENV/design-16b_2CLK_3SENSORS_modif/design_mars/Vdo/MarsZX3_EB1.srcs/sources_1/bd/MarsZX3/ip/MarsZX3_HDPYX_Emulator_STRIP_0_0/synth/MarsZX3_HDPYX_Emulator_STRIP_0_0.vhd:105]
INFO: [Synth 8-638] synthesizing module 'HDPYX_Emulator_STRIPED' [C:/FMa/ATISE/Development/Clean_ENV/RTL/HDPYX_Emulator_STRIPED.vhd:47]
	Parameter HDPYX_BANK_SIZE bound to: 7 - type: integer 
	Parameter DCMI_SIZE bound to: 14 - type: integer 
INFO: [Synth 8-256] done synthesizing module 'HDPYX_Emulator_STRIPED' (1#1) [C:/FMa/ATISE/Development/Clean_ENV/RTL/HDPYX_Emulator_STRIPED.vhd:47]
INFO: [Synth 8-256] done synthesizing module 'MarsZX3_HDPYX_Emulator_STRIP_0_0' (2#1) [c:/FMa/ATISE/Development/Clean_ENV/design-16b_2CLK_3SENSORS_modif/design_mars/Vdo/MarsZX3_EB1.srcs/sources_1/bd/MarsZX3/ip/MarsZX3_HDPYX_Emulator_STRIP_0_0/synth/MarsZX3_HDPYX_Emulator_STRIP_0_0.vhd:70]
---------------------------------------------------------------------------------
Finished RTL Elaboration : Time (s): cpu = 00:00:07 ; elapsed = 00:00:07 . Memory (MB): peak = 900.500 ; gain = 247.266
---------------------------------------------------------------------------------

Report Check Netlist: 
+------+------------------+-------+---------+-------+------------------+
|      |Item              |Errors |Warnings |Status |Description       |
+------+------------------+-------+---------+-------+------------------+
|1     |multi_driven_nets |      0|        0|Passed |Multi driven nets |
+------+------------------+-------+---------+-------+------------------+
---------------------------------------------------------------------------------
Start Handling Custom Attributes
---------------------------------------------------------------------------------
---------------------------------------------------------------------------------
Finished Handling Custom Attributes : Time (s): cpu = 00:00:08 ; elapsed = 00:00:08 . Memory (MB): peak = 900.500 ; gain = 247.266
---------------------------------------------------------------------------------
---------------------------------------------------------------------------------
Finished RTL Optimization Phase 1 : Time (s): cpu = 00:00:08 ; elapsed = 00:00:08 . Memory (MB): peak = 900.500 ; gain = 247.266
---------------------------------------------------------------------------------
INFO: [Project 1-570] Preparing netlist for logic optimization

Processing XDC Constraints
Initializing timing engine
Completed Processing XDC Constraints

Netlist sorting complete. Time (s): cpu = 00:00:00 ; elapsed = 00:00:00 . Memory (MB): peak = 963.309 ; gain = 0.000
INFO: [Project 1-111] Unisim Transformation Summary:
No Unisim elements were transformed.

Constraint Validation Runtime : Time (s): cpu = 00:00:00 ; elapsed = 00:00:00.080 . Memory (MB): peak = 964.305 ; gain = 0.996
---------------------------------------------------------------------------------
Finished Constraint Validation : Time (s): cpu = 00:00:15 ; elapsed = 00:00:16 . Memory (MB): peak = 964.305 ; gain = 311.070
---------------------------------------------------------------------------------
---------------------------------------------------------------------------------
Start Loading Part and Timing Information
---------------------------------------------------------------------------------
Loading part: xc7z020clg484-1
---------------------------------------------------------------------------------
Finished Loading Part and Timing Information : Time (s): cpu = 00:00:15 ; elapsed = 00:00:16 . Memory (MB): peak = 964.305 ; gain = 311.070
---------------------------------------------------------------------------------
---------------------------------------------------------------------------------
Start Applying 'set_property' XDC Constraints
---------------------------------------------------------------------------------
---------------------------------------------------------------------------------
Finished applying 'set_property' XDC Constraints : Time (s): cpu = 00:00:15 ; elapsed = 00:00:16 . Memory (MB): peak = 964.305 ; gain = 311.070
---------------------------------------------------------------------------------
INFO: [Synth 8-802] inferred FSM for state register 'State_reg' in module 'HDPYX_Emulator_STRIPED'
---------------------------------------------------------------------------------------------------
                   State |                     New Encoding |                Previous Encoding 
---------------------------------------------------------------------------------------------------
                    idle |                              001 |                               00
                 gen_msb |                              010 |                               01
                 gen_lsb |                              100 |                               10
---------------------------------------------------------------------------------------------------
INFO: [Synth 8-3354] encoded FSM with state register 'State_reg' using encoding 'one-hot' in module 'HDPYX_Emulator_STRIPED'
---------------------------------------------------------------------------------
Finished RTL Optimization Phase 2 : Time (s): cpu = 00:00:16 ; elapsed = 00:00:16 . Memory (MB): peak = 964.305 ; gain = 311.070
---------------------------------------------------------------------------------

Report RTL Partitions: 
+-+--------------+------------+----------+
| |RTL Partition |Replication |Instances |
+-+--------------+------------+----------+
+-+--------------+------------+----------+
---------------------------------------------------------------------------------
Start RTL Component Statistics 
---------------------------------------------------------------------------------
Detailed RTL Component Info : 
+---Registers : 
	                1 Bit    Registers := 2     
+---Muxes : 
	   3 Input      7 Bit        Muxes := 2     
	   3 Input      3 Bit        Muxes := 1     
	   2 Input      3 Bit        Muxes := 1     
	   3 Input      1 Bit        Muxes := 1     
---------------------------------------------------------------------------------
Finished RTL Component Statistics 
---------------------------------------------------------------------------------
---------------------------------------------------------------------------------
Start RTL Hierarchical Component Statistics 
---------------------------------------------------------------------------------
Hierarchical RTL Component report 
Module HDPYX_Emulator_STRIPED 
Detailed RTL Component Info : 
+---Registers : 
	                1 Bit    Registers := 2     
+---Muxes : 
	   3 Input      7 Bit        Muxes := 2     
	   3 Input      3 Bit        Muxes := 1     
	   2 Input      3 Bit        Muxes := 1     
	   3 Input      1 Bit        Muxes := 1     
---------------------------------------------------------------------------------
Finished RTL Hierarchical Component Statistics
---------------------------------------------------------------------------------
---------------------------------------------------------------------------------
Start Part Resource Summary
---------------------------------------------------------------------------------
Part Resources:
DSPs: 220 (col length:60)
BRAMs: 280 (col length: RAMB18 60 RAMB36 30)
---------------------------------------------------------------------------------
Finished Part Resource Summary
---------------------------------------------------------------------------------
---------------------------------------------------------------------------------
Start Cross Boundary and Area Optimization
---------------------------------------------------------------------------------
Warning: Parallel synthesis criteria is not met 
INFO: [Synth 8-3917] design MarsZX3_HDPYX_Emulator_STRIP_0_0 has port hdpyx_data_A[3] driven by constant 0
INFO: [Synth 8-3917] design MarsZX3_HDPYX_Emulator_STRIP_0_0 has port hdpyx_data_A[0] driven by constant 0
INFO: [Synth 8-3917] design MarsZX3_HDPYX_Emulator_STRIP_0_0 has port hdpyx_data_B[2] driven by constant 0
INFO: [Synth 8-3917] design MarsZX3_HDPYX_Emulator_STRIP_0_0 has port hdpyx_data_B[1] driven by constant 0
INFO: [Synth 8-3917] design MarsZX3_HDPYX_Emulator_STRIP_0_0 has port hdpyx_data_B[0] driven by constant 0
---------------------------------------------------------------------------------
Finished Cross Boundary and Area Optimization : Time (s): cpu = 00:00:17 ; elapsed = 00:00:17 . Memory (MB): peak = 964.305 ; gain = 311.070
---------------------------------------------------------------------------------

Report RTL Partitions: 
+-+--------------+------------+----------+
| |RTL Partition |Replication |Instances |
+-+--------------+------------+----------+
+-+--------------+------------+----------+
---------------------------------------------------------------------------------
Start Applying XDC Timing Constraints
---------------------------------------------------------------------------------
---------------------------------------------------------------------------------
Finished Applying XDC Timing Constraints : Time (s): cpu = 00:00:28 ; elapsed = 00:00:29 . Memory (MB): peak = 990.441 ; gain = 337.207
---------------------------------------------------------------------------------
---------------------------------------------------------------------------------
Start Timing Optimization
---------------------------------------------------------------------------------
---------------------------------------------------------------------------------
Finished Timing Optimization : Time (s): cpu = 00:00:28 ; elapsed = 00:00:29 . Memory (MB): peak = 990.441 ; gain = 337.207
---------------------------------------------------------------------------------

Report RTL Partitions: 
+-+--------------+------------+----------+
| |RTL Partition |Replication |Instances |
+-+--------------+------------+----------+
+-+--------------+------------+----------+
---------------------------------------------------------------------------------
Start Technology Mapping
---------------------------------------------------------------------------------
---------------------------------------------------------------------------------
Finished Technology Mapping : Time (s): cpu = 00:00:28 ; elapsed = 00:00:29 . Memory (MB): peak = 999.973 ; gain = 346.738
---------------------------------------------------------------------------------

Report RTL Partitions: 
+-+--------------+------------+----------+
| |RTL Partition |Replication |Instances |
+-+--------------+------------+----------+
+-+--------------+------------+----------+
---------------------------------------------------------------------------------
Start IO Insertion
---------------------------------------------------------------------------------
---------------------------------------------------------------------------------
Start Flattening Before IO Insertion
---------------------------------------------------------------------------------
---------------------------------------------------------------------------------
Finished Flattening Before IO Insertion
---------------------------------------------------------------------------------
---------------------------------------------------------------------------------
Start Final Netlist Cleanup
---------------------------------------------------------------------------------
---------------------------------------------------------------------------------
Finished Final Netlist Cleanup
---------------------------------------------------------------------------------
---------------------------------------------------------------------------------
Finished IO Insertion : Time (s): cpu = 00:00:31 ; elapsed = 00:00:32 . Memory (MB): peak = 1015.762 ; gain = 362.527
---------------------------------------------------------------------------------

Report Check Netlist: 
+------+------------------+-------+---------+-------+------------------+
|      |Item              |Errors |Warnings |Status |Description       |
+------+------------------+-------+---------+-------+------------------+
|1     |multi_driven_nets |      0|        0|Passed |Multi driven nets |
+------+------------------+-------+---------+-------+------------------+
---------------------------------------------------------------------------------
Start Renaming Generated Instances
---------------------------------------------------------------------------------
---------------------------------------------------------------------------------
Finished Renaming Generated Instances : Time (s): cpu = 00:00:31 ; elapsed = 00:00:32 . Memory (MB): peak = 1015.762 ; gain = 362.527
---------------------------------------------------------------------------------

Report RTL Partitions: 
+-+--------------+------------+----------+
| |RTL Partition |Replication |Instances |
+-+--------------+------------+----------+
+-+--------------+------------+----------+
---------------------------------------------------------------------------------
Start Rebuilding User Hierarchy
---------------------------------------------------------------------------------
---------------------------------------------------------------------------------
Finished Rebuilding User Hierarchy : Time (s): cpu = 00:00:31 ; elapsed = 00:00:32 . Memory (MB): peak = 1015.762 ; gain = 362.527
---------------------------------------------------------------------------------
---------------------------------------------------------------------------------
Start Renaming Generated Ports
---------------------------------------------------------------------------------
---------------------------------------------------------------------------------
Finished Renaming Generated Ports : Time (s): cpu = 00:00:31 ; elapsed = 00:00:32 . Memory (MB): peak = 1015.762 ; gain = 362.527
---------------------------------------------------------------------------------
---------------------------------------------------------------------------------
Start Handling Custom Attributes
---------------------------------------------------------------------------------
---------------------------------------------------------------------------------
Finished Handling Custom Attributes : Time (s): cpu = 00:00:31 ; elapsed = 00:00:32 . Memory (MB): peak = 1015.762 ; gain = 362.527
---------------------------------------------------------------------------------
---------------------------------------------------------------------------------
Start Renaming Generated Nets
---------------------------------------------------------------------------------
---------------------------------------------------------------------------------
Finished Renaming Generated Nets : Time (s): cpu = 00:00:31 ; elapsed = 00:00:32 . Memory (MB): peak = 1015.762 ; gain = 362.527
---------------------------------------------------------------------------------
---------------------------------------------------------------------------------
Start Writing Synthesis Report
---------------------------------------------------------------------------------

Report BlackBoxes: 
+-+--------------+----------+
| |BlackBox name |Instances |
+-+--------------+----------+
+-+--------------+----------+

Report Cell Usage: 
+------+-----+------+
|      |Cell |Count |
+------+-----+------+
|1     |LUT2 |     1|
|2     |LUT4 |     2|
|3     |FDCE |     4|
|4     |FDPE |     1|
+------+-----+------+

Report Instance Areas: 
+------+---------+-----------------------+------+
|      |Instance |Module                 |Cells |
+------+---------+-----------------------+------+
|1     |top      |                       |     8|
|2     |  U0     |HDPYX_Emulator_STRIPED |     8|
+------+---------+-----------------------+------+
---------------------------------------------------------------------------------
Finished Writing Synthesis Report : Time (s): cpu = 00:00:31 ; elapsed = 00:00:32 . Memory (MB): peak = 1015.762 ; gain = 362.527
---------------------------------------------------------------------------------
Synthesis finished with 0 errors, 0 critical warnings and 14 warnings.
Synthesis Optimization Runtime : Time (s): cpu = 00:00:22 ; elapsed = 00:00:29 . Memory (MB): peak = 1015.762 ; gain = 298.723
Synthesis Optimization Complete : Time (s): cpu = 00:00:32 ; elapsed = 00:00:32 . Memory (MB): peak = 1015.762 ; gain = 362.527
INFO: [Project 1-571] Translating synthesized netlist
INFO: [Project 1-570] Preparing netlist for logic optimization
INFO: [Opt 31-138] Pushed 0 inverter(s) to 0 load pin(s).
Netlist sorting complete. Time (s): cpu = 00:00:00 ; elapsed = 00:00:00 . Memory (MB): peak = 1035.863 ; gain = 0.000
INFO: [Project 1-111] Unisim Transformation Summary:
No Unisim elements were transformed.

INFO: [Common 17-83] Releasing license: Synthesis
23 Infos, 0 Warnings, 1 Critical Warnings and 0 Errors encountered.
synth_design completed successfully
synth_design: Time (s): cpu = 00:00:39 ; elapsed = 00:00:42 . Memory (MB): peak = 1035.863 ; gain = 657.266
Netlist sorting complete. Time (s): cpu = 00:00:00 ; elapsed = 00:00:00 . Memory (MB): peak = 1035.863 ; gain = 0.000
INFO: [Common 17-1381] The checkpoint 'C:/FMa/ATISE/Development/Clean_ENV/design-16b_2CLK_3SENSORS_modif/design_mars/Vdo/MarsZX3_EB1.runs/MarsZX3_HDPYX_Emulator_STRIP_0_0_synth_1/MarsZX3_HDPYX_Emulator_STRIP_0_0.dcp' has been generated.
Netlist sorting complete. Time (s): cpu = 00:00:00 ; elapsed = 00:00:00.001 . Memory (MB): peak = 1035.863 ; gain = 0.000
INFO: [Common 17-1381] The checkpoint 'C:/FMa/ATISE/Development/Clean_ENV/design-16b_2CLK_3SENSORS_modif/design_mars/Vdo/MarsZX3_EB1.runs/MarsZX3_HDPYX_Emulator_STRIP_0_0_synth_1/MarsZX3_HDPYX_Emulator_STRIP_0_0.dcp' has been generated.
INFO: [runtcl-4] Executing : report_utilization -file MarsZX3_HDPYX_Emulator_STRIP_0_0_utilization_synth.rpt -pb MarsZX3_HDPYX_Emulator_STRIP_0_0_utilization_synth.pb
INFO: [Common 17-206] Exiting Vivado at Thu Nov 12 11:15:54 2020...
